<?xml version="1.0" encoding="UTF-8"?>
<!-- Generated by org.testng.reporters.JUnitXMLReporter -->
<testsuite ignored="0" hostname="DESKTOP-CFE4EFO" failures="2" tests="14" name="TestNG" time="27.955" errors="0" timestamp="2023-03-28T21:10:06 EDT">
  <testcase classname="testlayer.LoginTest2" name="Signin" time="5.046"/>
  <testcase classname="testlayer.LoginTest2" name="KeepSignedin" time="1.823">
    <failure type="java.lang.AssertionError" message="expected [Hello, Sidharath] but found [Hello, sign in]">
      <![CDATA[java.lang.AssertionError: expected [Hello, Sidharath] but found [Hello, sign in]
at testlayer.LoginTest2.KeepSignedin(LoginTest2.java:51)
at java.base/java.util.ArrayList.forEach(ArrayList.java:1511)
... Removed 31 stack frames]]>
    </failure>
  </testcase> <!-- KeepSignedin -->
  <testcase classname="testlayer.SortingFilterationPagination" name="Search" time="1.085"/>
  <testcase classname="testlayer.SortingFilterationPagination" name="Relevant" time="2.324"/>
  <testcase classname="testlayer.SortingFilterationPagination" name="ProductInformation" time="0.148"/>
  <testcase classname="testlayer.SortingFilterationPagination" name="numofproductperpage" time="0.086">
    <failure type="java.lang.AssertionError" message="expected [60] but found [1-48 of over 100,000 results for]">
      <![CDATA[java.lang.AssertionError: expected [60] but found [1-48 of over 100,000 results for]
at testlayer.SortingFilterationPagination.numofproductperpage(SortingFilterationPagination.java:75)
at java.base/java.util.ArrayList.forEach(ArrayList.java:1511)
... Removed 31 stack frames]]>
    </failure>
  </testcase> <!-- numofproductperpage -->
  <testcase classname="testlayer.SortingFilterationPagination" name="sorting" time="2.474"/>
  <testcase classname="testlayer.SortingFilterationPagination" name="filternationcustomerratting" time="1.249"/>
  <testcase classname="testlayer.SortingFilterationPagination" name="searchresultcount" time="0.361"/>
  <testcase classname="testlayer.SortingFilterationPagination" name="filterationsortingpagination" time="0.009"/>
  <testcase classname="testlayer.YourAddressModule" name="YourAddress" time="2.293"/>
  <testcase classname="testlayer.YourAddressModule" name="AddAddress" time="1.355"/>
  <testcase classname="testlayer.YourOrderModule" name="YourOrders" time="3.841"/>
  <testcase classname="testlayer.YourOrderModule" name="CancelledOrders" time="2.408"/>
</testsuite> <!-- TestNG -->
